 0.104744 0.170947 0.172628 0.0884446 0.0329828 0.0192465 0.0297991 0.098487 0.354756 0.994703
 0.115578 0.225386 0.295278 0.194472 0.071855 0.0264256 0.0184997 0.0306817 0.0910838 0.329005
 0.125384 0.259845 0.390847 0.336479 0.160176 0.051591 0.0181375 0.0134149 0.0309615 0.164441
 0.131765 0.255046 0.378096 0.406922 0.312171 0.136047 0.0345728 0.0118747 0.0156442 0.0739868
 0.130424 0.239808 0.330425 0.380835 0.424387 0.312455 0.101323 0.024212 0.0125228 0.0173417
 0.116769 0.245993 0.335326 0.344736 0.399015 0.447857 0.274853 0.0817554 0.0196786 0.005581
 0.0942621 0.271208 0.403511 0.349175 0.334276 0.43043 0.453138 0.239536 0.0667285 0.0139177
 0.074567 0.28081 0.472624 0.385834 0.317697 0.365332 0.419906 0.368418 0.295248 0.262122
 0.0664907 0.256174 0.461443 0.414699 0.345134 0.326348 0.287857 0.298573 0.686219 3.61162
 0.0736478 0.230722 0.400055 0.40688 0.373041 0.318457 0.218084 0.195807 0.545094 4.63518
 0.099042 0.239567 0.365125 0.377125 0.372383 0.337379 0.22636 0.160676 0.25191 0.925119
 0.141834 0.28446 0.371962 0.353287 0.356247 0.370308 0.28738 0.183403 0.162396 0.232944
 0.185276 0.328342 0.388539 0.346045 0.344484 0.384103 0.342134 0.238223 0.191609 0.211032
 0.203789 0.331214 0.388846 0.356116 0.345433 0.366321 0.341292 0.280236 0.270223 0.339203
 0.197322 0.313433 0.390718 0.387512 0.368557 0.355904 0.322881 0.28783 0.302704 0.389305
 0.190899 0.31677 0.422303 0.443707 0.421229 0.386977 0.336248 0.291709 0.289642 0.335498
 0.203807 0.348047 0.476153 0.508448 0.483287 0.439232 0.375511 0.318831 0.30657 0.340526
 0.239817 0.381276 0.507156 0.54111 0.506261 0.450695 0.393823 0.356115 0.358829 0.400639
 0.290674 0.394907 0.490257 0.521907 0.480948 0.41672 0.374308 0.364999 0.379446 0.404152
 0.34275 0.401714 0.459084 0.485289 0.458285 0.402035 0.35764 0.340234 0.341158 0.347717
 0.37912 0.422757 0.456925 0.475652 0.475247 0.441467 0.377051 0.319923 0.301392 0.317946
 0.373842 0.456116 0.499111 0.506196 0.517629 0.506805 0.426053 0.330537 0.293915 0.316906
 0.317898 0.48066 0.573943 0.55942 0.541434 0.534342 0.468683 0.366174 0.307779 0.301166
 0.250693 0.481609 0.645774 0.606137 0.531192 0.506353 0.474521 0.40096 0.329302 0.28258
 0.216541 0.464197 0.671531 0.631157 0.515837 0.462837 0.446636 0.415133 0.362891 0.309248
 0.227327 0.442296 0.639649 0.636393 0.520323 0.436633 0.408828 0.407387 0.402639 0.386378
 0.270028 0.426669 0.582677 0.62547 0.543448 0.440822 0.387051 0.384979 0.4106 0.442009
 0.309598 0.423552 0.541887 0.60481 0.572789 0.482588 0.401742 0.365581 0.376908 0.421675
 0.317478 0.435578 0.538811 0.591627 0.598875 0.553329 0.45907 0.376844 0.357879 0.399386
 0.302122 0.459885 0.574228 0.602098 0.6151 0.612422 0.533157 0.430775 0.402993 0.463072
 0.279352 0.48329 0.627589 0.631247 0.619941 0.622976 0.564083 0.481971 0.495097 0.650302
 0.252475 0.484581 0.656523 0.651485 0.623903 0.607239 0.523729 0.444875 0.520884 0.88756
 0.22825 0.457785 0.633195 0.642729 0.639124 0.610388 0.461663 0.343175 0.424809 0.939442
 0.218883 0.42858 0.588344 0.619237 0.659547 0.641867 0.440659 0.281546 0.324225 0.745346
 0.225666 0.426026 0.573889 0.607255 0.665208 0.679331 0.486869 0.302865 0.299387 0.534311
 0.231825 0.445031 0.597376 0.611508 0.652286 0.70466 0.584495 0.397878 0.340942 0.423899
 0.218027 0.444203 0.613968 0.617784 0.639283 0.71428 0.66701 0.495863 0.387023 0.36725
 0.187051 0.40695 0.598884 0.622417 0.636937 0.703229 0.676802 0.517871 0.378911 0.304293
 0.155163 0.381414 0.60981 0.64481 0.636668 0.676251 0.648288 0.50105 0.356394 0.265068
 0.132087 0.41187 0.711951 0.700185 0.635528 0.660055 0.635383 0.499486 0.385732 0.336164
 0.122206 0.473312 0.853019 0.764408 0.650639 0.667804 0.616006 0.480042 0.462239 0.642128
 0.12922 0.466616 0.829434 0.779392 0.689566 0.666617 0.533648 0.396152 0.477741 1.05757
 0.151644 0.378239 0.635848 0.725169 0.71673 0.619242 0.419893 0.295354 0.365028 0.824279
 0.173158 0.321402 0.509104 0.652808 0.681872 0.553575 0.35639 0.238953 0.235597 0.341547
 0.175377 0.358482 0.546087 0.611756 0.597693 0.520177 0.364672 0.226302 0.164241 0.151059
 0.171532 0.469592 0.690405 0.597737 0.522885 0.514809 0.39622 0.220689 0.132704 0.106505
 0.188565 0.528959 0.729196 0.567933 0.478827 0.483999 0.367374 0.190021 0.109881 0.0918124
 0.226158 0.461871 0.581848 0.496131 0.436221 0.405581 0.283993 0.146998 0.0851803 0.0670877
 0.238913 0.382915 0.450374 0.407899 0.364532 0.320135 0.220501 0.118457 0.0658476 0.0437705
 0.201489 0.362004 0.421551 0.340457 0.280384 0.255249 0.193738 0.108264 0.0556178 0.0313982
 0.16387 0.359378 0.430369 0.303359 0.219899 0.203426 0.174315 0.105235 0.050366 0.0234809
 0.160793 0.31396 0.381978 0.285511 0.194672 0.160305 0.14071 0.0967321 0.0452325 0.0162932
 0.175622 0.243299 0.295074 0.27355 0.196256 0.136255 0.107906 0.0805264 0.0397358 0.012849
 0.158735 0.196572 0.244771 0.262494 0.208999 0.137353 0.0930809 0.0642012 0.0358983 0.0154995
 0.109988 0.179833 0.242689 0.254002 0.216893 0.155429 0.0943999 0.0540503 0.0343829 0.0251031
 0.0803594 0.176607 0.25587 0.247978 0.213071 0.166957 0.10004 0.0517218 0.0347721 0.033969
 0.0870357 0.176997 0.24892 0.240041 0.201548 0.15663 0.099967 0.0562114 0.0370081 0.0311839
 0.125606 0.180846 0.225853 0.227038 0.188311 0.138418 0.0952785 0.0628714 0.0401519 0.025139
 0.144396 0.179695 0.209954 0.211315 0.175665 0.128053 0.0901191 0.062256 0.0399183 0.0235753
 0.0893044 0.1581 0.207257 0.197113 0.163539 0.126226 0.0838195 0.0500498 0.0327548 0.0251858
 0.0338103 0.122976 0.210983 0.185448 0.151895 0.127675 0.0757747 0.0346112 0.0229322 0.0270666
