 15.5823 9.51492 17.1617 26.709 30.9214 23.9413 11.9388 3.98163 0.987791 0.211452
 23.9281 12.6973 7.25662 13.0665 22.1216 27.0711 21.25 10.4855 3.26482 0.697615
 30.8911 19.2879 9.17063 4.88728 9.73355 18.6287 23.8561 18.8754 9.201 3.15121
 28.7963 24.6576 13.4588 5.61342 3.15869 7.50375 16.0083 21.1979 16.8516 10.4906
 31.0441 22.8393 17.2885 8.34394 3.38122 2.09172 5.92604 13.9927 18.9542 23.8265
 21.489 24.6551 16.2594 11.2415 5.15878 2.00141 1.38477 4.84542 12.3583 38.1256
 21.0459 17.3011 17.4439 10.5207 7.20574 3.13204 1.15719 0.951876 4.04013 45.2698
 85.0864 17.3301 11.936 10.5432 6.71385 4.6674 1.84274 0.665548 0.677831 43.8153
 23.3327 71.4573 11.8418 6.73245 6.486 4.42148 2.93078 1.09565 0.416628 30.9606
 20.1621 19.7542 50.0452 6.75438 4.02385 4.15583 2.88674 1.98857 0.735486 0.946415
 14.7258 16.9481 14.1915 30.3523 4.06865 2.50728 2.73479 2.10022 1.47936 0.394156
 14.4405 12.068 12.0684 8.91308 18.8355 2.53686 1.61902 1.97327 1.61828 1.1819
 23.1732 11.3385 8.21613 7.52799 5.66458 11.9353 1.58506 1.09904 1.4863 2.09199
 23.222 17.4218 7.38805 5.04078 4.81908 3.63187 7.35511 1.01866 0.783657 2.64314
 14.9482 17.1382 11.3193 4.53134 3.19455 3.08685 2.27829 4.73084 0.696457 2.24482
 12.695 11.1036 11.3348 6.92952 2.78293 1.99948 1.95668 1.49264 3.21001 1.84178
 47.994 9.49068 7.31917 6.72327 4.02322 1.65248 1.22864 1.26491 1.00888 3.36566
 36.8992 35.4197 6.06335 4.11378 3.65877 2.2452 0.96372 0.763685 0.832075 2.83831
 27.0772 26.2686 21.8892 3.30391 2.16676 1.99544 1.29447 0.588148 0.483978 2.24631
 23.2375 18.3205 16.0141 12.1307 1.77394 1.21202 1.19023 0.805569 0.369437 1.65646
 35.6022 14.9247 11.0929 9.15576 6.7561 1.01503 0.73363 0.753148 0.518694 1.29627
 30.2636 22.0494 8.84862 6.35588 5.14863 3.80075 0.590638 0.455299 0.494891 1.20067
 31.5606 18.8423 12.6439 4.86054 3.46663 2.77625 2.07175 0.349028 0.296017 1.1251
 37.2409 20.7804 10.5428 6.44451 2.51364 1.82531 1.4722 1.17317 0.218979 0.950188
 34.5702 26.2251 11.6162 5.00115 3.18067 1.33715 0.995407 0.828813 0.710882 0.79067
 67.2427 25.1901 14.9173 5.37024 2.40731 1.71816 0.761627 0.576235 0.495151 0.972595
 47.8392 48.4718 14.6458 7.11973 2.57147 1.29458 1.00463 0.45789 0.346932 0.897532
 45.1914 33.0433 28.6259 7.39998 3.44664 1.35125 0.753796 0.617281 0.281927 0.730191
 62.2026 30.0034 19.5753 15.0658 3.65709 1.75876 0.754608 0.456405 0.387511 0.60838
 149.326 40.9732 17.5619 10.3342 7.54436 1.8181 0.915103 0.43144 0.283308 0.614376
 66.0087 99.8839 23.4069 8.94865 5.12104 3.69027 0.891697 0.48584 0.253751 0.521182
 61.1903 45.17 55.7411 11.3072 4.30706 2.49282 1.79091 0.458997 0.271485 0.386061
 43.2744 43.0135 25.1751 26.159 5.33324 2.08831 1.22897 0.959824 0.266179 0.289717
 37.5552 31.1654 24.6242 12.0934 12.4468 2.54679 1.02631 0.700833 0.616202 0.259948
 33.9005 27.3012 18.3702 12.3714 5.89097 5.8236 1.21284 0.597684 0.478532 0.51479
 29.6132 24.4778 16.1336 9.36371 6.09903 2.7407 2.67136 0.674422 0.399493 0.59396
 19.2011 21.2508 14.1928 8.03275 4.59667 2.8744 1.22575 1.34729 0.409926 0.608793
 19.7072 13.9704 12.3319 6.95017 3.91864 2.19471 1.27324 0.569237 0.742471 0.633425
 32.2044 14.7897 8.41478 6.13069 3.37485 1.87537 0.982968 0.585529 0.306871 0.882709
 30.9511 24.9516 9.13869 4.13787 2.911 1.61556 0.86291 0.465117 0.321008 0.807154
 85.3546 24.5404 14.9554 4.0575 1.85892 1.3951 0.755502 0.413611 0.255393 0.719334
 27.2528 68.3477 13.8324 5.76641 1.70943 0.877531 0.647371 0.369214 0.231571 0.488031
 23.6 21.6702 38.7834 5.4607 2.39327 0.77615 0.407685 0.343529 0.224803 0.283312
 29.4832 18.3495 13.4328 18.5811 2.39266 1.05752 0.378079 0.242403 0.231347 0.253626
 21.9106 22.4359 12.0396 7.30525 8.75247 1.09476 0.550105 0.239538 0.172716 0.328484
 62.3646 16.6364 14.1849 6.30986 3.58528 4.35639 0.588816 0.345654 0.172848 0.388162
 19.3759 47.535 9.41214 6.43516 3.14048 1.92313 2.35569 0.358488 0.250823 0.452703
 42.4917 14.5191 25.3431 4.10746 3.29974 1.76042 1.07246 1.47618 0.268238 0.577026
 29.286 30.6659 8.27792 12.8156 2.26296 1.9302 1.0618 0.730491 1.15311 0.71113
 29.2214 20.8676 18.9203 4.77416 7.71187 1.42211 1.26806 0.770641 0.587138 1.59279
 45.8591 21.6155 13.147 11.2311 3.07333 5.27183 0.996898 0.945302 0.625755 1.89919
 38.2855 35.2231 13.654 7.73552 7.50318 2.23192 3.89211 0.757735 0.769907 2.21697
 37.5975 29.4967 23.2835 8.43218 5.26095 5.58819 1.7204 3.05947 0.622412 2.63941
 50.7644 28.5402 20.9257 15.6844 5.80376 3.91202 4.41232 1.39745 2.55414 2.89899
 57.145 39.1915 21.2157 14.8234 10.9154 4.26101 3.08546 3.63758 1.18584 4.81235
 46.7919 46.3214 29.6253 15.0602 10.4042 7.95088 3.30051 2.54035 3.11824 5.28318
 55.7917 39.0698 35.1279 20.7544 10.6342 7.60751 6.08804 2.70212 2.18274 7.34584
 63.4307 46.2744 29.6171 24.781 14.7718 7.86584 5.88558 4.98463 2.31134 8.34598
 34.9726 50.6198 34.9439 21.3809 17.8685 11.0718 6.19728 4.84151 4.23544 9.37335
 54.6137 27.3897 38.2693 25.6307 15.6612 13.5634 8.8141 5.12429 4.11637 11.9662
 125.593 45.1948 21.1591 28.1456 19.0426 12.0329 10.8173 7.33409 4.4103 14.1628
