 -0.408228 -0.650011 -0.90232 -1.13567 -1.32787 -1.52336 -1.76443 -1.9804 -2.04428 -1.95388
 -0.408228 -0.650011 -0.90232 -1.13567 -1.32787 -1.52336 -1.76443 -1.9804 -2.04428 -1.95388
 -0.408228 -0.650011 -0.90232 -1.13567 -1.32787 -1.52336 -1.76443 -1.9804 -2.04428 -1.95388
 -0.408228 -0.650011 -0.90232 -1.13567 -1.32787 -1.52336 -1.76443 -1.9804 -2.04428 -1.95388
 -0.408228 -0.650011 -0.90232 -1.13567 -1.32787 -1.52336 -1.76443 -1.9804 -2.04428 -1.95388
 -0.408228 -0.650011 -0.90232 -1.13567 -1.32787 -1.52336 -1.76443 -1.9804 -2.04428 -1.95388
 -0.408228 -0.650011 -0.90232 -1.13567 -1.32787 -1.52336 -1.76443 -1.9804 -2.04428 -1.95388
 -0.408228 -0.650011 -0.90232 -1.13567 -1.32787 -1.52336 -1.76443 -1.9804 -2.04428 -1.95388
 -0.408228 -0.650011 -0.90232 -1.13567 -1.32787 -1.52336 -1.76443 -1.9804 -2.04428 -1.95388
 -0.408228 -0.650011 -0.90232 -1.13567 -1.32787 -1.52336 -1.76443 -1.9804 -2.04428 -1.95388
 -0.408228 -0.650011 -0.90232 -1.13567 -1.32787 -1.52336 -1.76443 -1.9804 -2.04428 -1.95388
 -0.408228 -0.650011 -0.90232 -1.13567 -1.32787 -1.52336 -1.76443 -1.9804 -2.04428 -1.95388
 -0.408228 -0.650011 -0.90232 -1.13567 -1.32787 -1.52336 -1.76443 -1.9804 -2.04428 -1.95388
 -0.408228 -0.650011 -0.90232 -1.13567 -1.32787 -1.52336 -1.76443 -1.9804 -2.04428 -1.95388
 -0.408228 -0.650011 -0.90232 -1.13567 -1.32787 -1.52336 -1.76443 -1.9804 -2.04428 -1.95388
 -0.408228 -0.650011 -0.90232 -1.13567 -1.32787 -1.52336 -1.76443 -1.9804 -2.04428 -1.95388
 -0.408228 -0.650011 -0.90232 -1.13567 -1.32787 -1.52336 -1.76443 -1.9804 -2.04428 -1.95388
 -0.408228 -0.650011 -0.90232 -1.13567 -1.32787 -1.52336 -1.76443 -1.9804 -2.04428 -1.95388
 -0.408228 -0.650011 -0.90232 -1.13567 -1.32787 -1.52336 -1.76443 -1.9804 -2.04428 -1.95388
 -0.408228 -0.650011 -0.90232 -1.13567 -1.32787 -1.52336 -1.76443 -1.9804 -2.04428 -1.95388
 -0.408228 -0.650011 -0.90232 -1.13567 -1.32787 -1.52336 -1.76443 -1.9804 -2.04428 -1.95388
 -0.408228 -0.650011 -0.90232 -1.13567 -1.32787 -1.52336 -1.76443 -1.9804 -2.04428 -1.95388
 -0.408228 -0.650011 -0.90232 -1.13567 -1.32787 -1.52336 -1.76443 -1.9804 -2.04428 -1.95388
 -0.408228 -0.650011 -0.90232 -1.13567 -1.32787 -1.52336 -1.76443 -1.9804 -2.04428 -1.95388
 -0.408228 -0.650011 -0.90232 -1.13567 -1.32787 -1.52336 -1.76443 -1.9804 -2.04428 -1.95388
 -0.408228 -0.650011 -0.90232 -1.13567 -1.32787 -1.52336 -1.76443 -1.9804 -2.04428 -1.95388
 -0.408228 -0.650011 -0.90232 -1.13567 -1.32787 -1.52336 -1.76443 -1.9804 -2.04428 -1.95388
 -0.408228 -0.650011 -0.90232 -1.13567 -1.32787 -1.52336 -1.76443 -1.9804 -2.04428 -1.95388
 -0.408228 -0.650011 -0.90232 -1.13567 -1.32787 -1.52336 -1.76443 -1.9804 -2.04428 -1.95388
 -0.408228 -0.650011 -0.90232 -1.13567 -1.32787 -1.52336 -1.76443 -1.9804 -2.04428 -1.95388
 -0.408228 -0.650011 -0.90232 -1.13567 -1.32787 -1.52336 -1.76443 -1.9804 -2.04428 -1.95388
 -0.408228 -0.650011 -0.90232 -1.13567 -1.32787 -1.52336 -1.76443 -1.9804 -2.04428 -1.95388
 -0.408228 -0.650011 -0.90232 -1.13567 -1.32787 -1.52336 -1.76443 -1.9804 -2.04428 -1.95388
 -0.408228 -0.650011 -0.90232 -1.13567 -1.32787 -1.52336 -1.76443 -1.9804 -2.04428 -1.95388
 -0.408228 -0.650011 -0.90232 -1.13567 -1.32787 -1.52336 -1.76443 -1.9804 -2.04428 -1.95388
 -0.408228 -0.650011 -0.90232 -1.13567 -1.32787 -1.52336 -1.76443 -1.9804 -2.04428 -1.95388
 -0.408228 -0.650011 -0.90232 -1.13567 -1.32787 -1.52336 -1.76443 -1.9804 -2.04428 -1.95388
 -0.408228 -0.650011 -0.90232 -1.13567 -1.32787 -1.52336 -1.76443 -1.9804 -2.04428 -1.95388
 -0.408228 -0.650011 -0.90232 -1.13567 -1.32787 -1.52336 -1.76443 -1.9804 -2.04428 -1.95388
 -0.408228 -0.650011 -0.90232 -1.13567 -1.32787 -1.52336 -1.76443 -1.9804 -2.04428 -1.95388
 -0.408228 -0.650011 -0.90232 -1.13567 -1.32787 -1.52336 -1.76443 -1.9804 -2.04428 -1.95388
 -0.408228 -0.650011 -0.90232 -1.13567 -1.32787 -1.52336 -1.76443 -1.9804 -2.04428 -1.95388
 -0.408228 -0.650011 -0.90232 -1.13567 -1.32787 -1.52336 -1.76443 -1.9804 -2.04428 -1.95388
 -0.408228 -0.650011 -0.90232 -1.13567 -1.32787 -1.52336 -1.76443 -1.9804 -2.04428 -1.95388
 -0.408228 -0.650011 -0.90232 -1.13567 -1.32787 -1.52336 -1.76443 -1.9804 -2.04428 -1.95388
 -0.408228 -0.650011 -0.90232 -1.13567 -1.32787 -1.52336 -1.76443 -1.9804 -2.04428 -1.95388
 -0.408228 -0.650011 -0.90232 -1.13567 -1.32787 -1.52336 -1.76443 -1.9804 -2.04428 -1.95388
 -0.408228 -0.650011 -0.90232 -1.13567 -1.32787 -1.52336 -1.76443 -1.9804 -2.04428 -1.95388
 -0.408228 -0.650011 -0.90232 -1.13567 -1.32787 -1.52336 -1.76443 -1.9804 -2.04428 -1.95388
 -0.408228 -0.650011 -0.90232 -1.13567 -1.32787 -1.52336 -1.76443 -1.9804 -2.04428 -1.95388
 -0.408228 -0.650011 -0.90232 -1.13567 -1.32787 -1.52336 -1.76443 -1.9804 -2.04428 -1.95388
 -0.408228 -0.650011 -0.90232 -1.13567 -1.32787 -1.52336 -1.76443 -1.9804 -2.04428 -1.95388
 -0.408228 -0.650011 -0.90232 -1.13567 -1.32787 -1.52336 -1.76443 -1.9804 -2.04428 -1.95388
 -0.408228 -0.650011 -0.90232 -1.13567 -1.32787 -1.52336 -1.76443 -1.9804 -2.04428 -1.95388
 -0.408228 -0.650011 -0.90232 -1.13567 -1.32787 -1.52336 -1.76443 -1.9804 -2.04428 -1.95388
 -0.408228 -0.650011 -0.90232 -1.13567 -1.32787 -1.52336 -1.76443 -1.9804 -2.04428 -1.95388
 -0.408228 -0.650011 -0.90232 -1.13567 -1.32787 -1.52336 -1.76443 -1.9804 -2.04428 -1.95388
 -0.408228 -0.650011 -0.90232 -1.13567 -1.32787 -1.52336 -1.76443 -1.9804 -2.04428 -1.95388
 -0.408228 -0.650011 -0.90232 -1.13567 -1.32787 -1.52336 -1.76443 -1.9804 -2.04428 -1.95388
 -0.408228 -0.650011 -0.90232 -1.13567 -1.32787 -1.52336 -1.76443 -1.9804 -2.04428 -1.95388
 -0.408228 -0.650011 -0.90232 -1.13567 -1.32787 -1.52336 -1.76443 -1.9804 -2.04428 -1.95388
