 -4.88418 -4.64897 -4.38933 -4.07894 -3.69642 -3.23017 -2.6802 -2.05808 -1.38522 -0.687932
 -4.88418 -4.64897 -4.38933 -4.07894 -3.69642 -3.23017 -2.6802 -2.05808 -1.38522 -0.687932
 -4.88418 -4.64897 -4.38933 -4.07894 -3.69642 -3.23017 -2.6802 -2.05808 -1.38522 -0.687932
 -4.88418 -4.64897 -4.38933 -4.07894 -3.69642 -3.23017 -2.6802 -2.05808 -1.38522 -0.687932
 -4.88418 -4.64897 -4.38933 -4.07894 -3.69642 -3.23017 -2.6802 -2.05808 -1.38522 -0.687932
 -4.88418 -4.64897 -4.38933 -4.07894 -3.69642 -3.23017 -2.6802 -2.05808 -1.38522 -0.687932
 -4.88418 -4.64897 -4.38933 -4.07894 -3.69642 -3.23017 -2.6802 -2.05808 -1.38522 -0.687932
 -4.88418 -4.64897 -4.38933 -4.07894 -3.69642 -3.23017 -2.6802 -2.05808 -1.38522 -0.687932
 -4.88418 -4.64897 -4.38933 -4.07894 -3.69642 -3.23017 -2.6802 -2.05808 -1.38522 -0.687932
 -4.88418 -4.64897 -4.38933 -4.07894 -3.69642 -3.23017 -2.6802 -2.05808 -1.38522 -0.687932
 -4.88418 -4.64897 -4.38933 -4.07894 -3.69642 -3.23017 -2.6802 -2.05808 -1.38522 -0.687932
 -4.88418 -4.64897 -4.38933 -4.07894 -3.69642 -3.23017 -2.6802 -2.05808 -1.38522 -0.687932
 -4.88418 -4.64897 -4.38933 -4.07894 -3.69642 -3.23017 -2.6802 -2.05808 -1.38522 -0.687932
 -4.88418 -4.64897 -4.38933 -4.07894 -3.69642 -3.23017 -2.6802 -2.05808 -1.38522 -0.687932
 -4.88418 -4.64897 -4.38933 -4.07894 -3.69642 -3.23017 -2.6802 -2.05808 -1.38522 -0.687932
 -4.88418 -4.64897 -4.38933 -4.07894 -3.69642 -3.23017 -2.6802 -2.05808 -1.38522 -0.687932
 -4.88418 -4.64897 -4.38933 -4.07894 -3.69642 -3.23017 -2.6802 -2.05808 -1.38522 -0.687932
 -4.88418 -4.64897 -4.38933 -4.07894 -3.69642 -3.23017 -2.6802 -2.05808 -1.38522 -0.687932
 -4.88418 -4.64897 -4.38933 -4.07894 -3.69642 -3.23017 -2.6802 -2.05808 -1.38522 -0.687932
 -4.88418 -4.64897 -4.38933 -4.07894 -3.69642 -3.23017 -2.6802 -2.05808 -1.38522 -0.687932
 -4.88418 -4.64897 -4.38933 -4.07894 -3.69642 -3.23017 -2.6802 -2.05808 -1.38522 -0.687932
 -4.88418 -4.64897 -4.38933 -4.07894 -3.69642 -3.23017 -2.6802 -2.05808 -1.38522 -0.687932
 -4.88418 -4.64897 -4.38933 -4.07894 -3.69642 -3.23017 -2.6802 -2.05808 -1.38522 -0.687932
 -4.88418 -4.64897 -4.38933 -4.07894 -3.69642 -3.23017 -2.6802 -2.05808 -1.38522 -0.687932
 -4.88418 -4.64897 -4.38933 -4.07894 -3.69642 -3.23017 -2.6802 -2.05808 -1.38522 -0.687932
 -4.88418 -4.64897 -4.38933 -4.07894 -3.69642 -3.23017 -2.6802 -2.05808 -1.38522 -0.687932
 -4.88418 -4.64897 -4.38933 -4.07894 -3.69642 -3.23017 -2.6802 -2.05808 -1.38522 -0.687932
 -4.88418 -4.64897 -4.38933 -4.07894 -3.69642 -3.23017 -2.6802 -2.05808 -1.38522 -0.687932
 -4.88418 -4.64897 -4.38933 -4.07894 -3.69642 -3.23017 -2.6802 -2.05808 -1.38522 -0.687932
 -4.88418 -4.64897 -4.38933 -4.07894 -3.69642 -3.23017 -2.6802 -2.05808 -1.38522 -0.687932
 -4.88418 -4.64897 -4.38933 -4.07894 -3.69642 -3.23017 -2.6802 -2.05808 -1.38522 -0.687932
 -4.88418 -4.64897 -4.38933 -4.07894 -3.69642 -3.23017 -2.6802 -2.05808 -1.38522 -0.687932
 -4.88418 -4.64897 -4.38933 -4.07894 -3.69642 -3.23017 -2.6802 -2.05808 -1.38522 -0.687932
 -4.88418 -4.64897 -4.38933 -4.07894 -3.69642 -3.23017 -2.6802 -2.05808 -1.38522 -0.687932
 -4.88418 -4.64897 -4.38933 -4.07894 -3.69642 -3.23017 -2.6802 -2.05808 -1.38522 -0.687932
 -4.88418 -4.64897 -4.38933 -4.07894 -3.69642 -3.23017 -2.6802 -2.05808 -1.38522 -0.687932
 -4.88418 -4.64897 -4.38933 -4.07894 -3.69642 -3.23017 -2.6802 -2.05808 -1.38522 -0.687932
 -4.88418 -4.64897 -4.38933 -4.07894 -3.69642 -3.23017 -2.6802 -2.05808 -1.38522 -0.687932
 -4.88418 -4.64897 -4.38933 -4.07894 -3.69642 -3.23017 -2.6802 -2.05808 -1.38522 -0.687932
 -4.88418 -4.64897 -4.38933 -4.07894 -3.69642 -3.23017 -2.6802 -2.05808 -1.38522 -0.687932
 -4.88418 -4.64897 -4.38933 -4.07894 -3.69642 -3.23017 -2.6802 -2.05808 -1.38522 -0.687932
 -4.88418 -4.64897 -4.38933 -4.07894 -3.69642 -3.23017 -2.6802 -2.05808 -1.38522 -0.687932
 -4.88418 -4.64897 -4.38933 -4.07894 -3.69642 -3.23017 -2.6802 -2.05808 -1.38522 -0.687932
 -4.88418 -4.64897 -4.38933 -4.07894 -3.69642 -3.23017 -2.6802 -2.05808 -1.38522 -0.687932
 -4.88418 -4.64897 -4.38933 -4.07894 -3.69642 -3.23017 -2.6802 -2.05808 -1.38522 -0.687932
 -4.88418 -4.64897 -4.38933 -4.07894 -3.69642 -3.23017 -2.6802 -2.05808 -1.38522 -0.687932
 -4.88418 -4.64897 -4.38933 -4.07894 -3.69642 -3.23017 -2.6802 -2.05808 -1.38522 -0.687932
 -4.88418 -4.64897 -4.38933 -4.07894 -3.69642 -3.23017 -2.6802 -2.05808 -1.38522 -0.687932
 -4.88418 -4.64897 -4.38933 -4.07894 -3.69642 -3.23017 -2.6802 -2.05808 -1.38522 -0.687932
 -4.88418 -4.64897 -4.38933 -4.07894 -3.69642 -3.23017 -2.6802 -2.05808 -1.38522 -0.687932
 -4.88418 -4.64897 -4.38933 -4.07894 -3.69642 -3.23017 -2.6802 -2.05808 -1.38522 -0.687932
 -4.88418 -4.64897 -4.38933 -4.07894 -3.69642 -3.23017 -2.6802 -2.05808 -1.38522 -0.687932
 -4.88418 -4.64897 -4.38933 -4.07894 -3.69642 -3.23017 -2.6802 -2.05808 -1.38522 -0.687932
 -4.88418 -4.64897 -4.38933 -4.07894 -3.69642 -3.23017 -2.6802 -2.05808 -1.38522 -0.687932
 -4.88418 -4.64897 -4.38933 -4.07894 -3.69642 -3.23017 -2.6802 -2.05808 -1.38522 -0.687932
 -4.88418 -4.64897 -4.38933 -4.07894 -3.69642 -3.23017 -2.6802 -2.05808 -1.38522 -0.687932
 -4.88418 -4.64897 -4.38933 -4.07894 -3.69642 -3.23017 -2.6802 -2.05808 -1.38522 -0.687932
 -4.88418 -4.64897 -4.38933 -4.07894 -3.69642 -3.23017 -2.6802 -2.05808 -1.38522 -0.687932
 -4.88418 -4.64897 -4.38933 -4.07894 -3.69642 -3.23017 -2.6802 -2.05808 -1.38522 -0.687932
 -4.88418 -4.64897 -4.38933 -4.07894 -3.69642 -3.23017 -2.6802 -2.05808 -1.38522 -0.687932
 -4.88418 -4.64897 -4.38933 -4.07894 -3.69642 -3.23017 -2.6802 -2.05808 -1.38522 -0.687932
 -1.16752 -1.16752 -1.16752 -1.16752 -1.16752 -1.16752 -1.16752 -1.16752 -1.16752 -1.16752
 -1.16752 -1.16752 -1.16752 -1.16752 -1.16752 -1.16752 -1.16752 -1.16752 -1.16752 -1.16752
 -1.16752 -1.16752 -1.16752 -1.16752 -1.16752 -1.16752 -1.16752 -1.16752 -1.16752 -1.16752
 -1.16752 -1.16752 -1.16752 -1.16752 -1.16752 -1.16752 -1.16752 -1.16752 -1.16752 -1.16752
 -1.16752 -1.16752 -1.16752 -1.16752 -1.16752 -1.16752 -1.16752 -1.16752 -1.16752 -1.16752
 -1.16752 -1.16752 -1.16752 -1.16752 -1.16752 -1.16752 -1.16752 -1.16752 -1.16752 -1.16752
 -1.16752 -1.16752 -1.16752 -1.16752 -1.16752 -1.16752 -1.16752 -1.16752 -1.16752 -1.16752
 -1.16752 -1.16752 -1.16752 -1.16752 -1.16752 -1.16752 -1.16752 -1.16752 -1.16752 -1.16752
 -1.16752 -1.16752 -1.16752 -1.16752 -1.16752 -1.16752 -1.16752 -1.16752 -1.16752 -1.16752
 -1.16752 -1.16752 -1.16752 -1.16752 -1.16752 -1.16752 -1.16752 -1.16752 -1.16752 -1.16752
 -1.16752 -1.16752 -1.16752 -1.16752 -1.16752 -1.16752 -1.16752 -1.16752 -1.16752 -1.16752
 -1.16752 -1.16752 -1.16752 -1.16752 -1.16752 -1.16752 -1.16752 -1.16752 -1.16752 -1.16752
 -1.16752 -1.16752 -1.16752 -1.16752 -1.16752 -1.16752 -1.16752 -1.16752 -1.16752 -1.16752
 -1.16752 -1.16752 -1.16752 -1.16752 -1.16752 -1.16752 -1.16752 -1.16752 -1.16752 -1.16752
 -1.16752 -1.16752 -1.16752 -1.16752 -1.16752 -1.16752 -1.16752 -1.16752 -1.16752 -1.16752
 -1.16752 -1.16752 -1.16752 -1.16752 -1.16752 -1.16752 -1.16752 -1.16752 -1.16752 -1.16752
 -1.16752 -1.16752 -1.16752 -1.16752 -1.16752 -1.16752 -1.16752 -1.16752 -1.16752 -1.16752
 -1.16752 -1.16752 -1.16752 -1.16752 -1.16752 -1.16752 -1.16752 -1.16752 -1.16752 -1.16752
 -1.16752 -1.16752 -1.16752 -1.16752 -1.16752 -1.16752 -1.16752 -1.16752 -1.16752 -1.16752
 -1.16752 -1.16752 -1.16752 -1.16752 -1.16752 -1.16752 -1.16752 -1.16752 -1.16752 -1.16752
 -1.16752 -1.16752 -1.16752 -1.16752 -1.16752 -1.16752 -1.16752 -1.16752 -1.16752 -1.16752
 -1.16752 -1.16752 -1.16752 -1.16752 -1.16752 -1.16752 -1.16752 -1.16752 -1.16752 -1.16752
 -1.16752 -1.16752 -1.16752 -1.16752 -1.16752 -1.16752 -1.16752 -1.16752 -1.16752 -1.16752
 -1.16752 -1.16752 -1.16752 -1.16752 -1.16752 -1.16752 -1.16752 -1.16752 -1.16752 -1.16752
 -1.16752 -1.16752 -1.16752 -1.16752 -1.16752 -1.16752 -1.16752 -1.16752 -1.16752 -1.16752
 -1.16752 -1.16752 -1.16752 -1.16752 -1.16752 -1.16752 -1.16752 -1.16752 -1.16752 -1.16752
 -1.16752 -1.16752 -1.16752 -1.16752 -1.16752 -1.16752 -1.16752 -1.16752 -1.16752 -1.16752
 -1.16752 -1.16752 -1.16752 -1.16752 -1.16752 -1.16752 -1.16752 -1.16752 -1.16752 -1.16752
 -1.16752 -1.16752 -1.16752 -1.16752 -1.16752 -1.16752 -1.16752 -1.16752 -1.16752 -1.16752
 -1.16752 -1.16752 -1.16752 -1.16752 -1.16752 -1.16752 -1.16752 -1.16752 -1.16752 -1.16752
 -1.16752 -1.16752 -1.16752 -1.16752 -1.16752 -1.16752 -1.16752 -1.16752 -1.16752 -1.16752
 -1.16752 -1.16752 -1.16752 -1.16752 -1.16752 -1.16752 -1.16752 -1.16752 -1.16752 -1.16752
 -1.16752 -1.16752 -1.16752 -1.16752 -1.16752 -1.16752 -1.16752 -1.16752 -1.16752 -1.16752
 -1.16752 -1.16752 -1.16752 -1.16752 -1.16752 -1.16752 -1.16752 -1.16752 -1.16752 -1.16752
 -1.16752 -1.16752 -1.16752 -1.16752 -1.16752 -1.16752 -1.16752 -1.16752 -1.16752 -1.16752
 -1.16752 -1.16752 -1.16752 -1.16752 -1.16752 -1.16752 -1.16752 -1.16752 -1.16752 -1.16752
 -1.16752 -1.16752 -1.16752 -1.16752 -1.16752 -1.16752 -1.16752 -1.16752 -1.16752 -1.16752
 -1.16752 -1.16752 -1.16752 -1.16752 -1.16752 -1.16752 -1.16752 -1.16752 -1.16752 -1.16752
 -1.16752 -1.16752 -1.16752 -1.16752 -1.16752 -1.16752 -1.16752 -1.16752 -1.16752 -1.16752
 -1.16752 -1.16752 -1.16752 -1.16752 -1.16752 -1.16752 -1.16752 -1.16752 -1.16752 -1.16752
 -1.16752 -1.16752 -1.16752 -1.16752 -1.16752 -1.16752 -1.16752 -1.16752 -1.16752 -1.16752
 -1.16752 -1.16752 -1.16752 -1.16752 -1.16752 -1.16752 -1.16752 -1.16752 -1.16752 -1.16752
 -1.16752 -1.16752 -1.16752 -1.16752 -1.16752 -1.16752 -1.16752 -1.16752 -1.16752 -1.16752
 -1.16752 -1.16752 -1.16752 -1.16752 -1.16752 -1.16752 -1.16752 -1.16752 -1.16752 -1.16752
 -1.16752 -1.16752 -1.16752 -1.16752 -1.16752 -1.16752 -1.16752 -1.16752 -1.16752 -1.16752
 -1.16752 -1.16752 -1.16752 -1.16752 -1.16752 -1.16752 -1.16752 -1.16752 -1.16752 -1.16752
 -1.16752 -1.16752 -1.16752 -1.16752 -1.16752 -1.16752 -1.16752 -1.16752 -1.16752 -1.16752
 -1.16752 -1.16752 -1.16752 -1.16752 -1.16752 -1.16752 -1.16752 -1.16752 -1.16752 -1.16752
 -1.16752 -1.16752 -1.16752 -1.16752 -1.16752 -1.16752 -1.16752 -1.16752 -1.16752 -1.16752
 -1.16752 -1.16752 -1.16752 -1.16752 -1.16752 -1.16752 -1.16752 -1.16752 -1.16752 -1.16752
 -1.16752 -1.16752 -1.16752 -1.16752 -1.16752 -1.16752 -1.16752 -1.16752 -1.16752 -1.16752
 -1.16752 -1.16752 -1.16752 -1.16752 -1.16752 -1.16752 -1.16752 -1.16752 -1.16752 -1.16752
 -1.16752 -1.16752 -1.16752 -1.16752 -1.16752 -1.16752 -1.16752 -1.16752 -1.16752 -1.16752
 -1.16752 -1.16752 -1.16752 -1.16752 -1.16752 -1.16752 -1.16752 -1.16752 -1.16752 -1.16752
 -1.16752 -1.16752 -1.16752 -1.16752 -1.16752 -1.16752 -1.16752 -1.16752 -1.16752 -1.16752
 -1.16752 -1.16752 -1.16752 -1.16752 -1.16752 -1.16752 -1.16752 -1.16752 -1.16752 -1.16752
 -1.16752 -1.16752 -1.16752 -1.16752 -1.16752 -1.16752 -1.16752 -1.16752 -1.16752 -1.16752
 -1.16752 -1.16752 -1.16752 -1.16752 -1.16752 -1.16752 -1.16752 -1.16752 -1.16752 -1.16752
 -1.16752 -1.16752 -1.16752 -1.16752 -1.16752 -1.16752 -1.16752 -1.16752 -1.16752 -1.16752
 -1.16752 -1.16752 -1.16752 -1.16752 -1.16752 -1.16752 -1.16752 -1.16752 -1.16752 -1.16752
 -1.16752 -1.16752 -1.16752 -1.16752 -1.16752 -1.16752 -1.16752 -1.16752 -1.16752 -1.16752
