This is pdfTeX, Version 3.141592653-2.6-1.40.24 (TeX Live 2022) (preloaded format=pdflatex 2024.10.8)  9 OCT 2024 18:48
entering extended mode
 restricted \write18 enabled.
 %&-line parsing enabled.
**diagnostics.tex
(./diagnostics.tex
LaTeX2e <2022-11-01> patch level 1
L3 programming layer <2023-01-16> (/home/danai/.TinyTeX/texmf-dist/tex/latex/base/article.cls
Document Class: article 2022/07/02 v1.4n Standard LaTeX document class
(/home/danai/.TinyTeX/texmf-dist/tex/latex/base/size10.clo
File: size10.clo 2022/07/02 v1.4n Standard LaTeX file (size option)
)
\c@part=\count185
\c@section=\count186
\c@subsection=\count187
\c@subsubsection=\count188
\c@paragraph=\count189
\c@subparagraph=\count190
\c@figure=\count191
\c@table=\count192
\abovecaptionskip=\skip48
\belowcaptionskip=\skip49
\bibindent=\dimen140
) (/home/danai/.TinyTeX/texmf-dist/tex/latex/graphics/graphicx.sty
Package: graphicx 2021/09/16 v1.2d Enhanced LaTeX Graphics (DPC,SPQR)
 (/home/danai/.TinyTeX/texmf-dist/tex/latex/graphics/keyval.sty
Package: keyval 2022/05/29 v1.15 key=value parser (DPC)
\KV@toks@=\toks16
) (/home/danai/.TinyTeX/texmf-dist/tex/latex/graphics/graphics.sty
Package: graphics 2022/03/10 v1.4e Standard LaTeX Graphics (DPC,SPQR)
 (/home/danai/.TinyTeX/texmf-dist/tex/latex/graphics/trig.sty
Package: trig 2021/08/11 v1.11 sin cos tan (DPC)
) (/home/danai/.TinyTeX/texmf-dist/tex/latex/graphics-cfg/graphics.cfg
File: graphics.cfg 2016/06/04 v1.11 sample graphics configuration
)
Package graphics Info: Driver file: pdftex.def on input line 107.
 (/home/danai/.TinyTeX/texmf-dist/tex/latex/graphics-def/pdftex.def
File: pdftex.def 2022/09/22 v1.2b Graphics/color driver for pdftex
))
\Gin@req@height=\dimen141
\Gin@req@width=\dimen142
) (/home/danai/.TinyTeX/texmf-dist/tex/latex/xcolor/xcolor.sty
Package: xcolor 2022/06/12 v2.14 LaTeX color extensions (UK)
 (/home/danai/.TinyTeX/texmf-dist/tex/latex/graphics-cfg/color.cfg
File: color.cfg 2016/01/02 v1.6 sample color configuration
)
Package xcolor Info: Driver file: pdftex.def on input line 227.
 (/home/danai/.TinyTeX/texmf-dist/tex/latex/graphics/mathcolor.ltx)
Package xcolor Info: Model `cmy' substituted by `cmy0' on input line 1353.
Package xcolor Info: Model `hsb' substituted by `rgb' on input line 1357.
Package xcolor Info: Model `RGB' extended on input line 1369.
Package xcolor Info: Model `HTML' substituted by `rgb' on input line 1371.
Package xcolor Info: Model `Hsb' substituted by `hsb' on input line 1372.
Package xcolor Info: Model `tHsb' substituted by `hsb' on input line 1373.
Package xcolor Info: Model `HSB' substituted by `hsb' on input line 1374.
Package xcolor Info: Model `Gray' substituted by `gray' on input line 1375.
Package xcolor Info: Model `wave' substituted by `hsb' on input line 1376.
) (/home/danai/.TinyTeX/texmf-dist/tex/latex/framed/framed.sty
Package: framed 2011/10/22 v 0.96: framed or shaded text with page breaks
\OuterFrameSep=\skip50
\fb@frw=\dimen143
\fb@frh=\dimen144
\FrameRule=\dimen145
\FrameSep=\dimen146
) (/home/danai/.TinyTeX/texmf-dist/tex/latex/base/alltt.sty
Package: alltt 2021/01/29 v2.0g defines alltt environment
) (/home/danai/.TinyTeX/texmf-dist/tex/latex/l3backend/l3backend-pdftex.def
File: l3backend-pdftex.def 2023-01-16 L3 backend support: PDF output (pdfTeX)
\l__color_backend_stack_int=\count193
\l__pdf_internal_box=\box51
) (./diagnostics.aux)
\openout1 = `diagnostics.aux'.

LaTeX Font Info:    Checking defaults for OML/cmm/m/it on input line 53.
LaTeX Font Info:    ... okay on input line 53.
LaTeX Font Info:    Checking defaults for OMS/cmsy/m/n on input line 53.
LaTeX Font Info:    ... okay on input line 53.
LaTeX Font Info:    Checking defaults for OT1/cmr/m/n on input line 53.
LaTeX Font Info:    ... okay on input line 53.
LaTeX Font Info:    Checking defaults for T1/cmr/m/n on input line 53.
LaTeX Font Info:    ... okay on input line 53.
LaTeX Font Info:    Checking defaults for TS1/cmr/m/n on input line 53.
LaTeX Font Info:    ... okay on input line 53.
LaTeX Font Info:    Checking defaults for OMX/cmex/m/n on input line 53.
LaTeX Font Info:    ... okay on input line 53.
LaTeX Font Info:    Checking defaults for U/cmr/m/n on input line 53.
LaTeX Font Info:    ... okay on input line 53.
 (/home/danai/.TinyTeX/texmf-dist/tex/latex/epstopdf-pkg/epstopdf-base.sty
Package: epstopdf-base 2020-01-24 v2.11 Base part for package epstopdf
Package epstopdf-base Info: Redefining graphics rule for `.eps' on input line 485.
 (/home/danai/.TinyTeX/texmf-dist/tex/latex/latexconfig/epstopdf-sys.cfg
File: epstopdf-sys.cfg 2010/07/13 v1.3 Configuration of (r)epstopdf for TeX Live
))
LaTeX Font Info:    External font `cmex10' loaded for size
(Font)              <7> on input line 59.
LaTeX Font Info:    External font `cmex10' loaded for size
(Font)              <5> on input line 59.
LaTeX Font Info:    Font shape `OT1/cmtt/bx/n' in size <10> not available
(Font)              Font shape `OT1/cmtt/m/n' tried instead on input line 65.

Overfull \hbox (6.74693pt too wide) in paragraph at lines 75--76
[]\OT1/cmtt/m/it/10 ## FLCore (Version 2.6.20.9201, packaged: 2024-07-08 21:29:30 UTC)[] 
 []


Overfull \hbox (1.49698pt too wide) in paragraph at lines 79--79
[]\OT1/cmtt/m/it/10 ## This is FLa4a 1.9.0. For overview type 'help(package="FLa4a")'[] 
 []


Overfull \hbox (11.99689pt too wide) in paragraph at lines 94--94
[][]\OT1/cmtt/m/n/10 fit05[] []<-[] []sca[][](mut09, mut09.idx,[] []fmod[] []=[] []~[][]factor[][](age)[] []+[] []s[][](year,[] []k[] []=[] []8[][]))[][] 
 []


Overfull \hbox (48.74657pt too wide) in paragraph at lines 103--103
[][]\OT1/cmtt/m/n/10 plotRunstest[][](fit05, mut09.idx,[] []combine[] []= F)[] []+[] []theme_bw[][]()[] []+[] []facet_wrap[][]([][]~[][]age)[][] 
 []

<figure/idxrunstest-1.pdf, id=1, 505.89pt x 505.89pt>
File: figure/idxrunstest-1.pdf Graphic file (type pdf)
<use figure/idxrunstest-1.pdf>
Package pdftex.def Info: figure/idxrunstest-1.pdf  used on input line 106.
(pdftex.def)             Requested size: 345.0pt x 345.00414pt.

Overfull \hbox (164.24556pt too wide) in paragraph at lines 114--114
[][]\OT1/cmtt/m/n/10 plotRunstest[][]([][]catch.n[][](mut09),[] []catch.n[][](mut09[] []+[] []fit05),[] []combine[] []= F)[] []+[] []theme_bw[][]()[] []+[] []facet_wrap[][]([][]~[][]age)[][] 
 []

<figure/catchrunstest-1.pdf, id=2, 505.89pt x 505.89pt>
File: figure/catchrunstest-1.pdf Graphic file (type pdf)
<use figure/catchrunstest-1.pdf>
Package pdftex.def Info: figure/catchrunstest-1.pdf  used on input line 117.
(pdftex.def)             Requested size: 345.0pt x 345.00414pt.
[1

{/home/danai/.TinyTeX/texmf-var/fonts/map/pdftex/updmap/pdftex.map}] [2 <./figure/idxrunstest-1.pdf>] [3 <./figure/catchrunstest-1.pdf>]
Overfull \hbox (221.99506pt too wide) in paragraph at lines 129--129
[][]\OT1/cmtt/m/n/10 xval[] []<-[] []a4ahcxval[][](mut09,[] []FLIndices[][](mut09.idx),[] []nyears[] []=[] []5[][],[] []nsq[] []=[] []3[][],[] []fmodel[] []=[]  []~[][]factor[][](age)[] []+[] []s[][](year,[] []k[] []=[] []8[][]))[][] 
 []


Overfull \hbox (53.99652pt too wide) in paragraph at lines 133--133
[]\OT1/cmtt/m/n/10 ## Warning: executing %dopar% sequentially: no parallel backend registered[] 
 []

<figure/xcval-1.pdf, id=36, 505.89pt x 505.89pt>
File: figure/xcval-1.pdf Graphic file (type pdf)
<use figure/xcval-1.pdf>
Package pdftex.def Info: figure/xcval-1.pdf  used on input line 137.
(pdftex.def)             Requested size: 345.0pt x 345.00414pt.
[4] [5 <./figure/xcval-1.pdf>] (./diagnostics.aux) ) 
Here is how much of TeX's memory you used:
 1629 strings out of 478051
 26296 string characters out of 5840741
 1860330 words of memory out of 5000000
 21784 multiletter control sequences out of 15000+600000
 513228 words of font info for 36 fonts, out of 8000000 for 9000
 14 hyphenation exceptions out of 8191
 57i,6n,62p,867b,295s stack positions out of 10000i,1000n,20000p,200000b,200000s
</home/danai/.TinyTeX/texmf-dist/fonts/type1/public/amsfonts/cm/cmbx12.pfb></home/danai/.TinyTeX/texmf-dist/fonts/type1/public/amsfonts/cm/cmitt10.pfb></home/danai/.TinyTeX/texmf-dist/fonts/type1/public/amsfonts/cm/cmmi10.pfb></home/danai/.TinyTeX/texmf-dist/fonts/type1/public/amsfonts/cm/cmr10.pfb></home/danai/.TinyTeX/texmf-dist/fonts/type1/public/amsfonts/cm/cmsy10.pfb></home/danai/.TinyTeX/texmf-dist/fonts/type1/public/amsfonts/cm/cmtt10.pfb>
Output written on diagnostics.pdf (5 pages, 122543 bytes).
PDF statistics:
 74 PDF objects out of 1000 (max. 8388607)
 48 compressed objects within 1 object stream
 0 named destinations out of 1000 (max. 500000)
 16 words of extra memory for PDF output out of 10000 (max. 10000000)

